# JRE version: Java(TM) SE Runtime Environment (8.0_60-b27) (build 1.8.0_60-b27)
# Java VM: Java HotSpot(TM) 64-Bit Server VM (25.60-b23 mixed mode windows-amd64 compressed oops)
Heap:
 PSYoungGen      total 281088K, used 194460K [0x00000000d5e00000, 0x00000000ea600000, 0x0000000100000000)
  eden space 267264K, 67% used [0x00000000d5e00000,0x00000000e0e69f78,0x00000000e6300000)
  from space 13824K, 99% used [0x00000000e9880000,0x00000000ea5fd3e0,0x00000000ea600000)
  to   space 15872K, 0% used [0x00000000e8700000,0x00000000e8700000,0x00000000e9680000)
 ParOldGen       total 87552K, used 22601K [0x0000000081a00000, 0x0000000086f80000, 0x00000000d5e00000)
  object space 87552K, 25% used [0x0000000081a00000,0x0000000083012468,0x0000000086f80000)
 Metaspace       used 53549K, capacity 54046K, committed 54528K, reserved 1097728K
  class space    used 6750K, capacity 6877K, committed 6912K, reserved 1048576K
GC Heap History (10 events):
Event: 6.985 GC heap before
{Heap before GC invocations=8 (full 1):
 PSYoungGen      total 126976K, used 126594K [0x00000000d5e00000, 0x00000000df100000, 0x0000000100000000)
  eden space 120832K, 100% used [0x00000000d5e00000,0x00000000dd400000,0x00000000dd400000)
  from space 6144K, 93% used [0x00000000deb00000,0x00000000df0a08e0,0x00000000df100000)
  to   space 10752K, 0% used [0x00000000ddc00000,0x00000000ddc00000,0x00000000de680000)
 ParOldGen       total 54272K, used 9285K [0x0000000081a00000, 0x0000000084f00000, 0x00000000d5e00000)
  object space 54272K, 17% used [0x0000000081a00000,0x00000000823114b0,0x0000000084f00000)
 Metaspace       used 26965K, capacity 27276K, committed 27648K, reserved 1073152K
  class space    used 3372K, capacity 3457K, committed 3584K, reserved 1048576K
Event: 7.002 GC heap after
Heap after GC invocations=8 (full 1):
 PSYoungGen      total 139776K, used 9935K [0x00000000d5e00000, 0x00000000e4780000, 0x0000000100000000)
  eden space 129024K, 0% used [0x00000000d5e00000,0x00000000d5e00000,0x00000000ddc00000)
  from space 10752K, 92% used [0x00000000ddc00000,0x00000000de5b3db0,0x00000000de680000)
  to   space 11776K, 0% used [0x00000000e3c00000,0x00000000e3c00000,0x00000000e4780000)
 ParOldGen       total 54272K, used 9285K [0x0000000081a00000, 0x0000000084f00000, 0x00000000d5e00000)
  object space 54272K, 17% used [0x0000000081a00000,0x00000000823114b0,0x0000000084f00000)
 Metaspace       used 26965K, capacity 27276K, committed 27648K, reserved 1073152K
  class space    used 3372K, capacity 3457K, committed 3584K, reserved 1048576K
}
Event: 8.313 GC heap before
{Heap before GC invocations=9 (full 1):
 PSYoungGen      total 139776K, used 138959K [0x00000000d5e00000, 0x00000000e4780000, 0x0000000100000000)
  eden space 129024K, 100% used [0x00000000d5e00000,0x00000000ddc00000,0x00000000ddc00000)
  from space 10752K, 92% used [0x00000000ddc00000,0x00000000de5b3db0,0x00000000de680000)
  to   space 11776K, 0% used [0x00000000e3c00000,0x00000000e3c00000,0x00000000e4780000)
 ParOldGen       total 54272K, used 9285K [0x0000000081a00000, 0x0000000084f00000, 0x00000000d5e00000)
  object space 54272K, 17% used [0x0000000081a00000,0x00000000823114b0,0x0000000084f00000)
 Metaspace       used 30877K, capacity 31178K, committed 31360K, reserved 1077248K
  class space    used 3802K, capacity 3878K, committed 3968K, reserved 1048576K
Event: 8.328 GC heap after
Heap after GC invocations=9 (full 1):
 PSYoungGen      total 226304K, used 10426K [0x00000000d5e00000, 0x00000000e5380000, 0x0000000100000000)
  eden space 214528K, 0% used [0x00000000d5e00000,0x00000000d5e00000,0x00000000e2f80000)
  from space 11776K, 88% used [0x00000000e3c00000,0x00000000e462e918,0x00000000e4780000)
  to   space 12800K, 0% used [0x00000000e2f80000,0x00000000e2f80000,0x00000000e3c00000)
 ParOldGen       total 54272K, used 9293K [0x0000000081a00000, 0x0000000084f00000, 0x00000000d5e00000)
  object space 54272K, 17% used [0x0000000081a00000,0x00000000823134b0,0x0000000084f00000)
 Metaspace       used 30877K, capacity 31178K, committed 31360K, reserved 1077248K
  class space    used 3802K, capacity 3878K, committed 3968K, reserved 1048576K
}
Event: 11.614 GC heap before
{Heap before GC invocations=10 (full 1):
 PSYoungGen      total 226304K, used 56939K [0x00000000d5e00000, 0x00000000e5380000, 0x0000000100000000)
  eden space 214528K, 21% used [0x00000000d5e00000,0x00000000d8b6c410,0x00000000e2f80000)
  from space 11776K, 88% used [0x00000000e3c00000,0x00000000e462e918,0x00000000e4780000)
  to   space 12800K, 0% used [0x00000000e2f80000,0x00000000e2f80000,0x00000000e3c00000)
 ParOldGen       total 54272K, used 9293K [0x0000000081a00000, 0x0000000084f00000, 0x00000000d5e00000)
  object space 54272K, 17% used [0x0000000081a00000,0x00000000823134b0,0x0000000084f00000)
 Metaspace       used 34837K, capacity 35190K, committed 35456K, reserved 1081344K
  class space    used 4271K, capacity 4373K, committed 4480K, reserved 1048576K
Event: 11.674 GC heap after
Heap after GC invocations=10 (full 1):
 PSYoungGen      total 227328K, used 12062K [0x00000000d5e00000, 0x00000000ea600000, 0x0000000100000000)
  eden space 214528K, 0% used [0x00000000d5e00000,0x00000000d5e00000,0x00000000e2f80000)
  from space 12800K, 94% used [0x00000000e2f80000,0x00000000e3b479e0,0x00000000e3c00000)
  to   space 13824K, 0% used [0x00000000e9880000,0x00000000e9880000,0x00000000ea600000)
 ParOldGen       total 54272K, used 10307K [0x0000000081a00000, 0x0000000084f00000, 0x00000000d5e00000)
  object space 54272K, 18% used [0x0000000081a00000,0x0000000082410ff8,0x0000000084f00000)
 Metaspace       used 34837K, capacity 35190K, committed 35456K, reserved 1081344K
  class space    used 4271K, capacity 4373K, committed 4480K, reserved 1048576K
}
Event: 11.674 GC heap before
{Heap before GC invocations=11 (full 2):
 PSYoungGen      total 227328K, used 12062K [0x00000000d5e00000, 0x00000000ea600000, 0x0000000100000000)
  eden space 214528K, 0% used [0x00000000d5e00000,0x00000000d5e00000,0x00000000e2f80000)
  from space 12800K, 94% used [0x00000000e2f80000,0x00000000e3b479e0,0x00000000e3c00000)
  to   space 13824K, 0% used [0x00000000e9880000,0x00000000e9880000,0x00000000ea600000)
 ParOldGen       total 54272K, used 10307K [0x0000000081a00000, 0x0000000084f00000, 0x00000000d5e00000)
  object space 54272K, 18% used [0x0000000081a00000,0x0000000082410ff8,0x0000000084f00000)
 Metaspace       used 34837K, capacity 35190K, committed 35456K, reserved 1081344K
  class space    used 4271K, capacity 4373K, committed 4480K, reserved 1048576K
Event: 12.060 GC heap after
Heap after GC invocations=11 (full 2):
 PSYoungGen      total 227328K, used 0K [0x00000000d5e00000, 0x00000000ea600000, 0x0000000100000000)
  eden space 214528K, 0% used [0x00000000d5e00000,0x00000000d5e00000,0x00000000e2f80000)
  from space 12800K, 0% used [0x00000000e2f80000,0x00000000e2f80000,0x00000000e3c00000)
  to   space 13824K, 0% used [0x00000000e9880000,0x00000000e9880000,0x00000000ea600000)
 ParOldGen       total 87552K, used 21748K [0x0000000081a00000, 0x0000000086f80000, 0x00000000d5e00000)
  object space 87552K, 24% used [0x0000000081a00000,0x0000000082f3d2d8,0x0000000086f80000)
 Metaspace       used 34837K, capacity 35190K, committed 35456K, reserved 1081344K
  class space    used 4271K, capacity 4373K, committed 4480K, reserved 1048576K
}
Event: 15.794 GC heap before
{Heap before GC invocations=12 (full 2):
 PSYoungGen      total 227328K, used 214528K [0x00000000d5e00000, 0x00000000ea600000, 0x0000000100000000)
  eden space 214528K, 100% used [0x00000000d5e00000,0x00000000e2f80000,0x00000000e2f80000)
  from space 12800K, 0% used [0x00000000e2f80000,0x00000000e2f80000,0x00000000e3c00000)
  to   space 13824K, 0% used [0x00000000e9880000,0x00000000e9880000,0x00000000ea600000)
 ParOldGen       total 87552K, used 21748K [0x0000000081a00000, 0x0000000086f80000, 0x00000000d5e00000)
  object space 87552K, 24% used [0x0000000081a00000,0x0000000082f3d2d8,0x0000000086f80000)
 Metaspace       used 46014K, capacity 46448K, committed 46848K, reserved 1089536K
  class space    used 5901K, capacity 6020K, committed 6144K, reserved 1048576K
Event: 15.816 GC heap after
Heap after GC invocations=12 (full 2):
 PSYoungGen      total 281088K, used 13812K [0x00000000d5e00000, 0x00000000ea600000, 0x0000000100000000)
  eden space 267264K, 0% used [0x00000000d5e00000,0x00000000d5e00000,0x00000000e6300000)
  from space 13824K, 99% used [0x00000000e9880000,0x00000000ea5fd3e0,0x00000000ea600000)
  to   space 15872K, 0% used [0x00000000e8700000,0x00000000e8700000,0x00000000e9680000)
 ParOldGen       total 87552K, used 22601K [0x0000000081a00000, 0x0000000086f80000, 0x00000000d5e00000)
  object space 87552K, 25% used [0x0000000081a00000,0x0000000083012468,0x0000000086f80000)
 Metaspace       used 46014K, capacity 46448K, committed 46848K, reserved 1089536K
  class space    used 5901K, capacity 6020K, committed 6144K, reserved 1048576K
}

