# JRE version: Java(TM) SE Runtime Environment (8.0_60-b27) (build 1.8.0_60-b27)
# Java VM: Java HotSpot(TM) 64-Bit Server VM (25.60-b23 mixed mode windows-amd64 compressed oops)
Heap:
 PSYoungGen      total 155648K, used 64914K [0x00000000d5e00000, 0x00000000e2780000, 0x0000000100000000)
  eden space 142336K, 36% used [0x00000000d5e00000,0x00000000d9143dc8,0x00000000de900000)
  from space 13312K, 93% used [0x00000000de900000,0x00000000df520cf0,0x00000000df600000)
  to   space 14336K, 0% used [0x00000000e1980000,0x00000000e1980000,0x00000000e2780000)
 ParOldGen       total 105984K, used 22272K [0x0000000081a00000, 0x0000000088180000, 0x00000000d5e00000)
  object space 105984K, 21% used [0x0000000081a00000,0x0000000082fc0130,0x0000000088180000)
 Metaspace       used 45135K, capacity 45586K, committed 46080K, reserved 1089536K
  class space    used 5671K, capacity 5791K, committed 5888K, reserved 1048576K
GC Heap History (10 events):
Event: 3.278 GC heap before
{Heap before GC invocations=7 (full 1):
 PSYoungGen      total 71680K, used 71653K [0x00000000d5e00000, 0x00000000dd500000, 0x0000000100000000)
  eden space 66560K, 100% used [0x00000000d5e00000,0x00000000d9f00000,0x00000000d9f00000)
  from space 5120K, 99% used [0x00000000d9f00000,0x00000000da3f94e0,0x00000000da400000)
  to   space 10752K, 0% used [0x00000000dca80000,0x00000000dca80000,0x00000000dd500000)
 ParOldGen       total 65024K, used 10485K [0x0000000081a00000, 0x0000000085980000, 0x00000000d5e00000)
  object space 65024K, 16% used [0x0000000081a00000,0x000000008243d470,0x0000000085980000)
 Metaspace       used 25071K, capacity 25428K, committed 25728K, reserved 1071104K
  class space    used 3088K, capacity 3193K, committed 3200K, reserved 1048576K
Event: 3.287 GC heap after
Heap after GC invocations=7 (full 1):
 PSYoungGen      total 107008K, used 6448K [0x00000000d5e00000, 0x00000000dd300000, 0x0000000100000000)
  eden space 98304K, 0% used [0x00000000d5e00000,0x00000000d5e00000,0x00000000dbe00000)
  from space 8704K, 74% used [0x00000000dca80000,0x00000000dd0cc378,0x00000000dd300000)
  to   space 10752K, 0% used [0x00000000dbe00000,0x00000000dbe00000,0x00000000dc880000)
 ParOldGen       total 65024K, used 10493K [0x0000000081a00000, 0x0000000085980000, 0x00000000d5e00000)
  object space 65024K, 16% used [0x0000000081a00000,0x000000008243f470,0x0000000085980000)
 Metaspace       used 25071K, capacity 25428K, committed 25728K, reserved 1071104K
  class space    used 3088K, capacity 3193K, committed 3200K, reserved 1048576K
}
Event: 4.202 GC heap before
{Heap before GC invocations=8 (full 1):
 PSYoungGen      total 107008K, used 104752K [0x00000000d5e00000, 0x00000000dd300000, 0x0000000100000000)
  eden space 98304K, 100% used [0x00000000d5e00000,0x00000000dbe00000,0x00000000dbe00000)
  from space 8704K, 74% used [0x00000000dca80000,0x00000000dd0cc378,0x00000000dd300000)
  to   space 10752K, 0% used [0x00000000dbe00000,0x00000000dbe00000,0x00000000dc880000)
 ParOldGen       total 65024K, used 10493K [0x0000000081a00000, 0x0000000085980000, 0x00000000d5e00000)
  object space 65024K, 16% used [0x0000000081a00000,0x000000008243f470,0x0000000085980000)
 Metaspace       used 28793K, capacity 29112K, committed 29312K, reserved 1075200K
  class space    used 3546K, capacity 3647K, committed 3712K, reserved 1048576K
Event: 4.218 GC heap after
Heap after GC invocations=8 (full 1):
 PSYoungGen      total 109056K, used 8872K [0x00000000d5e00000, 0x00000000e0080000, 0x0000000100000000)
  eden space 98304K, 0% used [0x00000000d5e00000,0x00000000d5e00000,0x00000000dbe00000)
  from space 10752K, 82% used [0x00000000dbe00000,0x00000000dc6aa3d8,0x00000000dc880000)
  to   space 10752K, 0% used [0x00000000df600000,0x00000000df600000,0x00000000e0080000)
 ParOldGen       total 65024K, used 10501K [0x0000000081a00000, 0x0000000085980000, 0x00000000d5e00000)
  object space 65024K, 16% used [0x0000000081a00000,0x0000000082441470,0x0000000085980000)
 Metaspace       used 28793K, capacity 29112K, committed 29312K, reserved 1075200K
  class space    used 3546K, capacity 3647K, committed 3712K, reserved 1048576K
}
Event: 6.262 GC heap before
{Heap before GC invocations=9 (full 1):
 PSYoungGen      total 109056K, used 94389K [0x00000000d5e00000, 0x00000000e0080000, 0x0000000100000000)
  eden space 98304K, 86% used [0x00000000d5e00000,0x00000000db183168,0x00000000dbe00000)
  from space 10752K, 82% used [0x00000000dbe00000,0x00000000dc6aa3d8,0x00000000dc880000)
  to   space 10752K, 0% used [0x00000000df600000,0x00000000df600000,0x00000000e0080000)
 ParOldGen       total 65024K, used 10501K [0x0000000081a00000, 0x0000000085980000, 0x00000000d5e00000)
  object space 65024K, 16% used [0x0000000081a00000,0x0000000082441470,0x0000000085980000)
 Metaspace       used 34768K, capacity 35202K, committed 35496K, reserved 1081344K
  class space    used 4240K, capacity 4339K, committed 4352K, reserved 1048576K
Event: 6.286 GC heap after
Heap after GC invocations=9 (full 1):
 PSYoungGen      total 153088K, used 10738K [0x00000000d5e00000, 0x00000000e0380000, 0x0000000100000000)
  eden space 142336K, 0% used [0x00000000d5e00000,0x00000000d5e00000,0x00000000de900000)
  from space 10752K, 99% used [0x00000000df600000,0x00000000e007c850,0x00000000e0080000)
  to   space 13312K, 0% used [0x00000000de900000,0x00000000de900000,0x00000000df600000)
 ParOldGen       total 65024K, used 13583K [0x0000000081a00000, 0x0000000085980000, 0x00000000d5e00000)
  object space 65024K, 20% used [0x0000000081a00000,0x0000000082743ed0,0x0000000085980000)
 Metaspace       used 34768K, capacity 35202K, committed 35496K, reserved 1081344K
  class space    used 4240K, capacity 4339K, committed 4352K, reserved 1048576K
}
Event: 6.286 GC heap before
{Heap before GC invocations=10 (full 2):
 PSYoungGen      total 153088K, used 10738K [0x00000000d5e00000, 0x00000000e0380000, 0x0000000100000000)
  eden space 142336K, 0% used [0x00000000d5e00000,0x00000000d5e00000,0x00000000de900000)
  from space 10752K, 99% used [0x00000000df600000,0x00000000e007c850,0x00000000e0080000)
  to   space 13312K, 0% used [0x00000000de900000,0x00000000de900000,0x00000000df600000)
 ParOldGen       total 65024K, used 13583K [0x0000000081a00000, 0x0000000085980000, 0x00000000d5e00000)
  object space 65024K, 20% used [0x0000000081a00000,0x0000000082743ed0,0x0000000085980000)
 Metaspace       used 34768K, capacity 35202K, committed 35496K, reserved 1081344K
  class space    used 4240K, capacity 4339K, committed 4352K, reserved 1048576K
Event: 6.385 GC heap after
Heap after GC invocations=10 (full 2):
 PSYoungGen      total 153088K, used 0K [0x00000000d5e00000, 0x00000000e0380000, 0x0000000100000000)
  eden space 142336K, 0% used [0x00000000d5e00000,0x00000000d5e00000,0x00000000de900000)
  from space 10752K, 0% used [0x00000000df600000,0x00000000df600000,0x00000000e0080000)
  to   space 13312K, 0% used [0x00000000de900000,0x00000000de900000,0x00000000df600000)
 ParOldGen       total 105984K, used 22264K [0x0000000081a00000, 0x0000000088180000, 0x00000000d5e00000)
  object space 105984K, 21% used [0x0000000081a00000,0x0000000082fbe130,0x0000000088180000)
 Metaspace       used 34768K, capacity 35202K, committed 35496K, reserved 1081344K
  class space    used 4240K, capacity 4339K, committed 4352K, reserved 1048576K
}
Event: 8.300 GC heap before
{Heap before GC invocations=11 (full 2):
 PSYoungGen      total 153088K, used 142336K [0x00000000d5e00000, 0x00000000e0380000, 0x0000000100000000)
  eden space 142336K, 100% used [0x00000000d5e00000,0x00000000de900000,0x00000000de900000)
  from space 10752K, 0% used [0x00000000df600000,0x00000000df600000,0x00000000e0080000)
  to   space 13312K, 0% used [0x00000000de900000,0x00000000de900000,0x00000000df600000)
 ParOldGen       total 105984K, used 22264K [0x0000000081a00000, 0x0000000088180000, 0x00000000d5e00000)
  object space 105984K, 21% used [0x0000000081a00000,0x0000000082fbe130,0x0000000088180000)
 Metaspace       used 42678K, capacity 43104K, committed 43392K, reserved 1087488K
  class space    used 5373K, capacity 5496K, committed 5504K, reserved 1048576K
Event: 8.322 GC heap after
Heap after GC invocations=11 (full 2):
 PSYoungGen      total 155648K, used 12419K [0x00000000d5e00000, 0x00000000e2780000, 0x0000000100000000)
  eden space 142336K, 0% used [0x00000000d5e00000,0x00000000d5e00000,0x00000000de900000)
  from space 13312K, 93% used [0x00000000de900000,0x00000000df520cf0,0x00000000df600000)
  to   space 14336K, 0% used [0x00000000e1980000,0x00000000e1980000,0x00000000e2780000)
 ParOldGen       total 105984K, used 22272K [0x0000000081a00000, 0x0000000088180000, 0x00000000d5e00000)
  object space 105984K, 21% used [0x0000000081a00000,0x0000000082fc0130,0x0000000088180000)
 Metaspace       used 42678K, capacity 43104K, committed 43392K, reserved 1087488K
  class space    used 5373K, capacity 5496K, committed 5504K, reserved 1048576K
}

