# JRE version: Java(TM) SE Runtime Environment (8.0_60-b27) (build 1.8.0_60-b27)
# Java VM: Java HotSpot(TM) 64-Bit Server VM (25.60-b23 mixed mode windows-amd64 compressed oops)
Heap:
 PSYoungGen      total 285184K, used 178879K [0x00000000d5e00000, 0x00000000e8480000, 0x0000000100000000)
  eden space 268800K, 62% used [0x00000000d5e00000,0x00000000e0250dc0,0x00000000e6480000)
  from space 16384K, 64% used [0x00000000e7480000,0x00000000e7edee48,0x00000000e8480000)
  to   space 16384K, 0% used [0x00000000e6480000,0x00000000e6480000,0x00000000e7480000)
 ParOldGen       total 101376K, used 35906K [0x0000000081a00000, 0x0000000087d00000, 0x00000000d5e00000)
  object space 101376K, 35% used [0x0000000081a00000,0x0000000083d10a00,0x0000000087d00000)
 Metaspace       used 57944K, capacity 58548K, committed 59136K, reserved 1101824K
  class space    used 7173K, capacity 7320K, committed 7424K, reserved 1048576K
GC Heap History (10 events):
Event: 12.374 GC heap before
{Heap before GC invocations=10 (full 1):
 PSYoungGen      total 180736K, used 174982K [0x00000000d5e00000, 0x00000000e2f00000, 0x0000000100000000)
  eden space 169984K, 100% used [0x00000000d5e00000,0x00000000e0400000,0x00000000e0400000)
  from space 10752K, 46% used [0x00000000e0e00000,0x00000000e12e1a60,0x00000000e1880000)
  to   space 10240K, 0% used [0x00000000e0400000,0x00000000e0400000,0x00000000e0e00000)
 ParOldGen       total 59392K, used 10111K [0x0000000081a00000, 0x0000000085400000, 0x00000000d5e00000)
  object space 59392K, 17% used [0x0000000081a00000,0x00000000823dff20,0x0000000085400000)
 Metaspace       used 29268K, capacity 29574K, committed 29824K, reserved 1075200K
  class space    used 3638K, capacity 3712K, committed 3712K, reserved 1048576K
Event: 12.394 GC heap after
Heap after GC invocations=10 (full 1):
 PSYoungGen      total 180224K, used 9409K [0x00000000d5e00000, 0x00000000e5280000, 0x0000000100000000)
  eden space 169984K, 0% used [0x00000000d5e00000,0x00000000d5e00000,0x00000000e0400000)
  from space 10240K, 91% used [0x00000000e0400000,0x00000000e0d30638,0x00000000e0e00000)
  to   space 11264K, 0% used [0x00000000e4780000,0x00000000e4780000,0x00000000e5280000)
 ParOldGen       total 59392K, used 11405K [0x0000000081a00000, 0x0000000085400000, 0x00000000d5e00000)
  object space 59392K, 19% used [0x0000000081a00000,0x0000000082523650,0x0000000085400000)
 Metaspace       used 29268K, capacity 29574K, committed 29824K, reserved 1075200K
  class space    used 3638K, capacity 3712K, committed 3712K, reserved 1048576K
}
Event: 18.861 GC heap before
{Heap before GC invocations=11 (full 1):
 PSYoungGen      total 180224K, used 124103K [0x00000000d5e00000, 0x00000000e5280000, 0x0000000100000000)
  eden space 169984K, 67% used [0x00000000d5e00000,0x00000000dce01600,0x00000000e0400000)
  from space 10240K, 91% used [0x00000000e0400000,0x00000000e0d30638,0x00000000e0e00000)
  to   space 11264K, 0% used [0x00000000e4780000,0x00000000e4780000,0x00000000e5280000)
 ParOldGen       total 59392K, used 11405K [0x0000000081a00000, 0x0000000085400000, 0x00000000d5e00000)
  object space 59392K, 19% used [0x0000000081a00000,0x0000000082523650,0x0000000085400000)
 Metaspace       used 34761K, capacity 35152K, committed 35496K, reserved 1081344K
  class space    used 4229K, capacity 4340K, committed 4352K, reserved 1048576K
Event: 18.906 GC heap after
Heap after GC invocations=11 (full 1):
 PSYoungGen      total 236544K, used 11241K [0x00000000d5e00000, 0x00000000e5400000, 0x0000000100000000)
  eden space 225280K, 0% used [0x00000000d5e00000,0x00000000d5e00000,0x00000000e3a00000)
  from space 11264K, 99% used [0x00000000e4780000,0x00000000e527a498,0x00000000e5280000)
  to   space 13312K, 0% used [0x00000000e3a00000,0x00000000e3a00000,0x00000000e4700000)
 ParOldGen       total 59392K, used 13589K [0x0000000081a00000, 0x0000000085400000, 0x00000000d5e00000)
  object space 59392K, 22% used [0x0000000081a00000,0x0000000082745618,0x0000000085400000)
 Metaspace       used 34761K, capacity 35152K, committed 35496K, reserved 1081344K
  class space    used 4229K, capacity 4340K, committed 4352K, reserved 1048576K
}
Event: 18.906 GC heap before
{Heap before GC invocations=12 (full 2):
 PSYoungGen      total 236544K, used 11241K [0x00000000d5e00000, 0x00000000e5400000, 0x0000000100000000)
  eden space 225280K, 0% used [0x00000000d5e00000,0x00000000d5e00000,0x00000000e3a00000)
  from space 11264K, 99% used [0x00000000e4780000,0x00000000e527a498,0x00000000e5280000)
  to   space 13312K, 0% used [0x00000000e3a00000,0x00000000e3a00000,0x00000000e4700000)
 ParOldGen       total 59392K, used 13589K [0x0000000081a00000, 0x0000000085400000, 0x00000000d5e00000)
  object space 59392K, 22% used [0x0000000081a00000,0x0000000082745618,0x0000000085400000)
 Metaspace       used 34761K, capacity 35152K, committed 35496K, reserved 1081344K
  class space    used 4229K, capacity 4340K, committed 4352K, reserved 1048576K
Event: 19.219 GC heap after
Heap after GC invocations=12 (full 2):
 PSYoungGen      total 236544K, used 0K [0x00000000d5e00000, 0x00000000e5400000, 0x0000000100000000)
  eden space 225280K, 0% used [0x00000000d5e00000,0x00000000d5e00000,0x00000000e3a00000)
  from space 11264K, 0% used [0x00000000e4780000,0x00000000e4780000,0x00000000e5280000)
  to   space 13312K, 0% used [0x00000000e3a00000,0x00000000e3a00000,0x00000000e4700000)
 ParOldGen       total 101376K, used 22848K [0x0000000081a00000, 0x0000000087d00000, 0x00000000d5e00000)
  object space 101376K, 22% used [0x0000000081a00000,0x0000000083050180,0x0000000087d00000)
 Metaspace       used 34761K, capacity 35152K, committed 35496K, reserved 1081344K
  class space    used 4229K, capacity 4340K, committed 4352K, reserved 1048576K
}
Event: 24.241 GC heap before
{Heap before GC invocations=13 (full 2):
 PSYoungGen      total 236544K, used 225280K [0x00000000d5e00000, 0x00000000e5400000, 0x0000000100000000)
  eden space 225280K, 100% used [0x00000000d5e00000,0x00000000e3a00000,0x00000000e3a00000)
  from space 11264K, 0% used [0x00000000e4780000,0x00000000e4780000,0x00000000e5280000)
  to   space 13312K, 0% used [0x00000000e3a00000,0x00000000e3a00000,0x00000000e4700000)
 ParOldGen       total 101376K, used 22848K [0x0000000081a00000, 0x0000000087d00000, 0x00000000d5e00000)
  object space 101376K, 22% used [0x0000000081a00000,0x0000000083050180,0x0000000087d00000)
 Metaspace       used 45537K, capacity 45994K, committed 46592K, reserved 1089536K
  class space    used 5693K, capacity 5811K, committed 5888K, reserved 1048576K
Event: 24.259 GC heap after
Heap after GC invocations=13 (full 2):
 PSYoungGen      total 238592K, used 13287K [0x00000000d5e00000, 0x00000000e8480000, 0x0000000100000000)
  eden space 225280K, 0% used [0x00000000d5e00000,0x00000000d5e00000,0x00000000e3a00000)
  from space 13312K, 99% used [0x00000000e3a00000,0x00000000e46f9df8,0x00000000e4700000)
  to   space 16384K, 0% used [0x00000000e7480000,0x00000000e7480000,0x00000000e8480000)
 ParOldGen       total 101376K, used 26643K [0x0000000081a00000, 0x0000000087d00000, 0x00000000d5e00000)
  object space 101376K, 26% used [0x0000000081a00000,0x0000000083404f48,0x0000000087d00000)
 Metaspace       used 45537K, capacity 45994K, committed 46592K, reserved 1089536K
  class space    used 5693K, capacity 5811K, committed 5888K, reserved 1048576K
}
Event: 28.113 GC heap before
{Heap before GC invocations=14 (full 2):
 PSYoungGen      total 238592K, used 238567K [0x00000000d5e00000, 0x00000000e8480000, 0x0000000100000000)
  eden space 225280K, 100% used [0x00000000d5e00000,0x00000000e3a00000,0x00000000e3a00000)
  from space 13312K, 99% used [0x00000000e3a00000,0x00000000e46f9df8,0x00000000e4700000)
  to   space 16384K, 0% used [0x00000000e7480000,0x00000000e7480000,0x00000000e8480000)
 ParOldGen       total 101376K, used 26643K [0x0000000081a00000, 0x0000000087d00000, 0x00000000d5e00000)
  object space 101376K, 26% used [0x0000000081a00000,0x0000000083404f48,0x0000000087d00000)
 Metaspace       used 50187K, capacity 50810K, committed 51200K, reserved 1093632K
  class space    used 6243K, capacity 6395K, committed 6400K, reserved 1048576K
Event: 28.144 GC heap after
Heap after GC invocations=14 (full 2):
 PSYoungGen      total 285184K, used 10619K [0x00000000d5e00000, 0x00000000e8480000, 0x0000000100000000)
  eden space 268800K, 0% used [0x00000000d5e00000,0x00000000d5e00000,0x00000000e6480000)
  from space 16384K, 64% used [0x00000000e7480000,0x00000000e7edee48,0x00000000e8480000)
  to   space 16384K, 0% used [0x00000000e6480000,0x00000000e6480000,0x00000000e7480000)
 ParOldGen       total 101376K, used 35906K [0x0000000081a00000, 0x0000000087d00000, 0x00000000d5e00000)
  object space 101376K, 35% used [0x0000000081a00000,0x0000000083d10a00,0x0000000087d00000)
 Metaspace       used 50187K, capacity 50810K, committed 51200K, reserved 1093632K
  class space    used 6243K, capacity 6395K, committed 6400K, reserved 1048576K
}

