# JRE version: Java(TM) SE Runtime Environment (8.0_60-b27) (build 1.8.0_60-b27)
# Java VM: Java HotSpot(TM) 64-Bit Server VM (25.60-b23 mixed mode windows-amd64 compressed oops)
Heap:
 PSYoungGen      total 406016K, used 282770K [0x00000000d5e00000, 0x00000000f1e80000, 0x0000000100000000)
  eden space 361984K, 70% used [0x00000000d5e00000,0x00000000e5852ac8,0x00000000ebf80000)
  from space 44032K, 60% used [0x00000000ef380000,0x00000000f0d51d90,0x00000000f1e80000)
  to   space 48640K, 0% used [0x00000000ebf80000,0x00000000ebf80000,0x00000000eef00000)
 ParOldGen       total 154112K, used 42508K [0x0000000081a00000, 0x000000008b080000, 0x00000000d5e00000)
  object space 154112K, 27% used [0x0000000081a00000,0x00000000843831f8,0x000000008b080000)
 Metaspace       used 63994K, capacity 64872K, committed 65112K, reserved 1105920K
  class space    used 7750K, capacity 7970K, committed 8064K, reserved 1048576K
GC Heap History (10 events):
Event: 157.707 GC heap before
{Heap before GC invocations=21 (full 3):
 PSYoungGen      total 318976K, used 318438K [0x00000000d5e00000, 0x00000000ee580000, 0x0000000100000000)
  eden space 283648K, 100% used [0x00000000d5e00000,0x00000000e7300000,0x00000000e7300000)
  from space 35328K, 98% used [0x00000000e7300000,0x00000000e94f9820,0x00000000e9580000)
  to   space 40448K, 0% used [0x00000000ebe00000,0x00000000ebe00000,0x00000000ee580000)
 ParOldGen       total 154112K, used 40228K [0x0000000081a00000, 0x000000008b080000, 0x00000000d5e00000)
  object space 154112K, 26% used [0x0000000081a00000,0x00000000841491f8,0x000000008b080000)
 Metaspace       used 63526K, capacity 64362K, committed 64472K, reserved 1105920K
  class space    used 7732K, capacity 7913K, committed 7936K, reserved 1048576K
Event: 157.866 GC heap after
Heap after GC invocations=21 (full 3):
 PSYoungGen      total 353280K, used 40430K [0x00000000d5e00000, 0x00000000eee80000, 0x0000000100000000)
  eden space 312832K, 0% used [0x00000000d5e00000,0x00000000d5e00000,0x00000000e8f80000)
  from space 40448K, 99% used [0x00000000ebe00000,0x00000000ee57b8b8,0x00000000ee580000)
  to   space 47616K, 0% used [0x00000000e8f80000,0x00000000e8f80000,0x00000000ebe00000)
 ParOldGen       total 154112K, used 42476K [0x0000000081a00000, 0x000000008b080000, 0x00000000d5e00000)
  object space 154112K, 27% used [0x0000000081a00000,0x000000008437b1f8,0x000000008b080000)
 Metaspace       used 63526K, capacity 64362K, committed 64472K, reserved 1105920K
  class space    used 7732K, capacity 7913K, committed 7936K, reserved 1048576K
}
Event: 222.003 GC heap before
{Heap before GC invocations=22 (full 3):
 PSYoungGen      total 353280K, used 353262K [0x00000000d5e00000, 0x00000000eee80000, 0x0000000100000000)
  eden space 312832K, 100% used [0x00000000d5e00000,0x00000000e8f80000,0x00000000e8f80000)
  from space 40448K, 99% used [0x00000000ebe00000,0x00000000ee57b8b8,0x00000000ee580000)
  to   space 47616K, 0% used [0x00000000e8f80000,0x00000000e8f80000,0x00000000ebe00000)
 ParOldGen       total 154112K, used 42476K [0x0000000081a00000, 0x000000008b080000, 0x00000000d5e00000)
  object space 154112K, 27% used [0x0000000081a00000,0x000000008437b1f8,0x000000008b080000)
 Metaspace       used 63654K, capacity 64510K, committed 64856K, reserved 1105920K
  class space    used 7738K, capacity 7953K, committed 8064K, reserved 1048576K
Event: 222.050 GC heap after
Heap after GC invocations=22 (full 3):
 PSYoungGen      total 360448K, used 29049K [0x00000000d5e00000, 0x00000000f0a00000, 0x0000000100000000)
  eden space 312832K, 0% used [0x00000000d5e00000,0x00000000d5e00000,0x00000000e8f80000)
  from space 47616K, 61% used [0x00000000e8f80000,0x00000000eabde528,0x00000000ebe00000)
  to   space 48640K, 0% used [0x00000000eda80000,0x00000000eda80000,0x00000000f0a00000)
 ParOldGen       total 154112K, used 42484K [0x0000000081a00000, 0x000000008b080000, 0x00000000d5e00000)
  object space 154112K, 27% used [0x0000000081a00000,0x000000008437d1f8,0x000000008b080000)
 Metaspace       used 63654K, capacity 64510K, committed 64856K, reserved 1105920K
  class space    used 7738K, capacity 7953K, committed 8064K, reserved 1048576K
}
Event: 254.174 GC heap before
{Heap before GC invocations=23 (full 3):
 PSYoungGen      total 360448K, used 341881K [0x00000000d5e00000, 0x00000000f0a00000, 0x0000000100000000)
  eden space 312832K, 100% used [0x00000000d5e00000,0x00000000e8f80000,0x00000000e8f80000)
  from space 47616K, 61% used [0x00000000e8f80000,0x00000000eabde528,0x00000000ebe00000)
  to   space 48640K, 0% used [0x00000000eda80000,0x00000000eda80000,0x00000000f0a00000)
 ParOldGen       total 154112K, used 42484K [0x0000000081a00000, 0x000000008b080000, 0x00000000d5e00000)
  object space 154112K, 27% used [0x0000000081a00000,0x000000008437d1f8,0x000000008b080000)
 Metaspace       used 63681K, capacity 64510K, committed 64856K, reserved 1105920K
  class space    used 7740K, capacity 7953K, committed 8064K, reserved 1048576K
Event: 254.318 GC heap after
Heap after GC invocations=23 (full 3):
 PSYoungGen      total 387584K, used 32089K [0x00000000d5e00000, 0x00000000f0b00000, 0x0000000100000000)
  eden space 338944K, 0% used [0x00000000d5e00000,0x00000000d5e00000,0x00000000ea900000)
  from space 48640K, 65% used [0x00000000eda80000,0x00000000ef9d6420,0x00000000f0a00000)
  to   space 50176K, 0% used [0x00000000ea900000,0x00000000ea900000,0x00000000eda00000)
 ParOldGen       total 154112K, used 42492K [0x0000000081a00000, 0x000000008b080000, 0x00000000d5e00000)
  object space 154112K, 27% used [0x0000000081a00000,0x000000008437f1f8,0x000000008b080000)
 Metaspace       used 63681K, capacity 64510K, committed 64856K, reserved 1105920K
  class space    used 7740K, capacity 7953K, committed 8064K, reserved 1048576K
}
Event: 294.778 GC heap before
{Heap before GC invocations=24 (full 3):
 PSYoungGen      total 387584K, used 371033K [0x00000000d5e00000, 0x00000000f0b00000, 0x0000000100000000)
  eden space 338944K, 100% used [0x00000000d5e00000,0x00000000ea900000,0x00000000ea900000)
  from space 48640K, 65% used [0x00000000eda80000,0x00000000ef9d6420,0x00000000f0a00000)
  to   space 50176K, 0% used [0x00000000ea900000,0x00000000ea900000,0x00000000eda00000)
 ParOldGen       total 154112K, used 42492K [0x0000000081a00000, 0x000000008b080000, 0x00000000d5e00000)
  object space 154112K, 27% used [0x0000000081a00000,0x000000008437f1f8,0x000000008b080000)
 Metaspace       used 63802K, capacity 64616K, committed 64856K, reserved 1105920K
  class space    used 7744K, capacity 7960K, committed 8064K, reserved 1048576K
Event: 294.951 GC heap after
Heap after GC invocations=24 (full 3):
 PSYoungGen      total 389120K, used 28602K [0x00000000d5e00000, 0x00000000f2480000, 0x0000000100000000)
  eden space 338944K, 0% used [0x00000000d5e00000,0x00000000d5e00000,0x00000000ea900000)
  from space 50176K, 57% used [0x00000000ea900000,0x00000000ec4ee818,0x00000000eda00000)
  to   space 50176K, 0% used [0x00000000ef380000,0x00000000ef380000,0x00000000f2480000)
 ParOldGen       total 154112K, used 42500K [0x0000000081a00000, 0x000000008b080000, 0x00000000d5e00000)
  object space 154112K, 27% used [0x0000000081a00000,0x00000000843811f8,0x000000008b080000)
 Metaspace       used 63802K, capacity 64616K, committed 64856K, reserved 1105920K
  class space    used 7744K, capacity 7960K, committed 8064K, reserved 1048576K
}
Event: 336.001 GC heap before
{Heap before GC invocations=25 (full 3):
 PSYoungGen      total 389120K, used 367546K [0x00000000d5e00000, 0x00000000f2480000, 0x0000000100000000)
  eden space 338944K, 100% used [0x00000000d5e00000,0x00000000ea900000,0x00000000ea900000)
  from space 50176K, 57% used [0x00000000ea900000,0x00000000ec4ee818,0x00000000eda00000)
  to   space 50176K, 0% used [0x00000000ef380000,0x00000000ef380000,0x00000000f2480000)
 ParOldGen       total 154112K, used 42500K [0x0000000081a00000, 0x000000008b080000, 0x00000000d5e00000)
  object space 154112K, 27% used [0x0000000081a00000,0x00000000843811f8,0x000000008b080000)
 Metaspace       used 63860K, capacity 64720K, committed 64856K, reserved 1105920K
  class space    used 7747K, capacity 7966K, committed 8064K, reserved 1048576K
Event: 336.102 GC heap after
Heap after GC invocations=25 (full 3):
 PSYoungGen      total 406016K, used 26439K [0x00000000d5e00000, 0x00000000f1e80000, 0x0000000100000000)
  eden space 361984K, 0% used [0x00000000d5e00000,0x00000000d5e00000,0x00000000ebf80000)
  from space 44032K, 60% used [0x00000000ef380000,0x00000000f0d51d90,0x00000000f1e80000)
  to   space 48640K, 0% used [0x00000000ebf80000,0x00000000ebf80000,0x00000000eef00000)
 ParOldGen       total 154112K, used 42508K [0x0000000081a00000, 0x000000008b080000, 0x00000000d5e00000)
  object space 154112K, 27% used [0x0000000081a00000,0x00000000843831f8,0x000000008b080000)
 Metaspace       used 63860K, capacity 64720K, committed 64856K, reserved 1105920K
  class space    used 7747K, capacity 7966K, committed 8064K, reserved 1048576K
}

